android/proguard/seeds.txt
at.devfest.app.R$attr: int absForceOverflow
at.devfest.app.R$attr: int actionBarDivider
at.devfest.app.R$attr: int actionBarItemBackground
at.devfest.app.R$attr: int actionBarSize
at.devfest.app.R$attr: int actionBarSplitStyle
at.devfest.app.R$attr: int actionBarStyle
at.devfest.app.R$attr: int actionBarTabBarStyle
at.devfest.app.R$attr: int actionBarTabStyle
at.devfest.app.R$attr: int actionBarTabTextStyle
at.devfest.app.R$attr: int actionBarWidgetTheme
at.devfest.app.R$attr: int actionButtonStyle
at.devfest.app.R$attr: int actionDropDownStyle
at.devfest.app.R$attr: int actionMenuTextAppearance
at.devfest.app.R$attr: int actionMenuTextColor
at.devfest.app.R$attr: int actionModeBackground
at.devfest.app.R$attr: int actionModeCloseButtonStyle
at.devfest.app.R$attr: int actionModeCloseDrawable
at.devfest.app.R$attr: int actionModePopupWindowStyle
at.devfest.app.R$attr: int actionModeShareDrawable
at.devfest.app.R$attr: int actionModeSplitBackground
at.devfest.app.R$attr: int actionModeStyle
at.devfest.app.R$attr: int actionOverflowButtonStyle
at.devfest.app.R$attr: int actionSpinnerItemStyle
at.devfest.app.R$attr: int activatableItemBackground
at.devfest.app.R$attr: int activatedBackgroundIndicator
at.devfest.app.R$attr: int activityChooserViewStyle
at.devfest.app.R$attr: int background
at.devfest.app.R$attr: int backgroundSplit
at.devfest.app.R$attr: int backgroundStacked
at.devfest.app.R$attr: int borderDrawable
at.devfest.app.R$attr: int buttonBarButtonStyle
at.devfest.app.R$bool: int abs__action_bar_embed_tabs
at.devfest.app.R$bool: int abs__action_bar_expanded_action_views_exclusive
at.devfest.app.R$bool: int abs__config_actionMenuItemAllCaps
at.devfest.app.R$bool: int abs__config_allowActionMenuItemTextWithIcon
at.devfest.app.R$bool: int abs__config_showMenuShortcutsWhenKeyboardPresent
at.devfest.app.R$bool: int abs__split_action_bar_is_narrow
at.devfest.app.R$bool: int ga_debug
at.devfest.app.R$bool: int ga_reportUncaughtExceptions
at.devfest.app.R$bool: int has_honeycomb
at.devfest.app.R$bool: int has_ics
at.devfest.app.R$color: int abs__background_holo_dark
at.devfest.app.R$color: int abs__background_holo_light
at.devfest.app.R$color: int abs__bright_foreground_disabled_holo_dark
at.devfest.app.R$color: int abs__bright_foreground_disabled_holo_light
at.devfest.app.R$color: int abs__bright_foreground_holo_dark
at.devfest.app.R$color: int abs__bright_foreground_holo_light
at.devfest.app.R$color: int abs__bright_foreground_inverse_holo_dark
at.devfest.app.R$color: int abs__bright_foreground_inverse_holo_light
at.devfest.app.R$color: int abs__holo_blue_light
at.devfest.app.R$color: int abs__primary_text_disable_only_holo_dark
at.devfest.app.R$color: int abs__primary_text_disable_only_holo_light
at.devfest.app.R$color: int abs__primary_text_holo_dark
at.devfest.app.R$color: int abs__primary_text_holo_light
at.devfest.app.R$color: int accent_1
at.devfest.app.R$color: int all_track_color
at.devfest.app.R$color: int body_text_1
at.devfest.app.R$color: int body_text_1_inverse
at.devfest.app.R$color: int body_text_1_negative
at.devfest.app.R$color: int body_text_1_positive
at.devfest.app.R$color: int body_text_2
at.devfest.app.R$color: int body_text_2_inverse
at.devfest.app.R$color: int body_text_disabled
at.devfest.app.R$color: int default_stream_image_background
at.devfest.app.R$color: int home_pane_header
at.devfest.app.R$color: int past_background_color
at.devfest.app.R$color: int stream_content_color
at.devfest.app.R$color: int stream_link_color
...
com.google.api.client.googleapis.MediaHttpUploader$UploadState
com.google.api.client.googleapis.MediaHttpUploader$UploadState: com.google.api.client.googleapis.MediaHttpUploader$UploadState[] values()
com.google.api.client.googleapis.MediaHttpUploader$UploadState: com.google.api.client.googleapis.MediaHttpUploader$UploadState valueOf(java.lang.String)
com.google.api.client.googleapis.MediaHttpUploaderProgressListener
com.google.api.client.googleapis.MethodOverride
com.google.api.client.googleapis.MethodOverride$1
com.google.api.client.googleapis.auth.AuthKeyValueParser
com.google.api.client.googleapis.auth.clientlogin.ClientLogin
com.google.api.client.googleapis.auth.clientlogin.ClientLogin: java.lang.String applicationName
com.google.api.client.googleapis.auth.clientlogin.ClientLogin: java.lang.String authTokenType
com.google.api.client.googleapis.auth.clientlogin.ClientLogin: java.lang.String username
com.google.api.client.googleapis.auth.clientlogin.ClientLogin: java.lang.String password
com.google.api.client.googleapis.auth.clientlogin.ClientLogin: java.lang.String accountType
com.google.api.client.googleapis.auth.clientlogin.ClientLogin: java.lang.String captchaToken
com.google.api.client.googleapis.auth.clientlogin.ClientLogin: java.lang.String captchaAnswer
com.google.api.client.googleapis.auth.clientlogin.ClientLogin$ErrorInfo
com.google.api.client.googleapis.auth.clientlogin.ClientLogin$ErrorInfo: java.lang.String error
com.google.api.client.googleapis.auth.clientlogin.ClientLogin$ErrorInfo: java.lang.String url
com.google.api.client.googleapis.auth.clientlogin.ClientLogin$ErrorInfo: java.lang.String captchaToken
com.google.api.client.googleapis.auth.clientlogin.ClientLogin$ErrorInfo: java.lang.String captchaUrl
com.google.api.client.googleapis.auth.clientlogin.ClientLogin$Response
com.google.api.client.googleapis.auth.clientlogin.ClientLogin$Response: java.lang.String auth
com.google.api.client.googleapis.auth.clientlogin.ClientLoginResponseException
com.google.api.client.googleapis.auth.oauth.GoogleOAuthAuthorizeTemporaryTokenUrl
com.google.api.client.googleapis.auth.oauth.GoogleOAuthAuthorizeTemporaryTokenUrl: java.lang.String template
com.google.api.client.googleapis.auth.oauth.GoogleOAuthAuthorizeTemporaryTokenUrl: java.lang.String hostedDomain
com.google.api.client.googleapis.auth.oauth.GoogleOAuthAuthorizeTemporaryTokenUrl: java.lang.String language
com.google.api.client.googleapis.auth.oauth.GoogleOAuthDomainWideDelegation
com.google.api.client.googleapis.auth.oauth.GoogleOAuthDomainWideDelegation$Url
com.google.api.client.googleapis.auth.oauth.GoogleOAuthDomainWideDelegation$Url: java.lang.String requestorId
com.google.api.client.googleapis.auth.oauth.GoogleOAuthGetAccessToken
com.google.api.client.googleapis.auth.oauth.GoogleOAuthGetTemporaryToken
com.google.api.client.googleapis.auth.oauth.GoogleOAuthGetTemporaryToken: java.lang.String displayName
com.google.api.client.googleapis.auth.oauth.GoogleOAuthGetTemporaryToken: java.lang.String scope
com.google.api.client.googleapis.auth.oauth2.GoogleAuthorizationCodeFlow
com.google.api.client.googleapis.auth.oauth2.GoogleAuthorizationCodeFlow$Builder
com.google.api.client.googleapis.auth.oauth2.GoogleAuthorizationCodeRequestUrl
com.google.api.client.googleapis.auth.oauth2.GoogleAuthorizationCodeRequestUrl: java.lang.String approvalPrompt
com.google.api.client.googleapis.auth.oauth2.GoogleAuthorizationCodeRequestUrl: java.lang.String accessType
com.google.api.client.googleapis.auth.oauth2.GoogleAuthorizationCodeTokenRequest
com.google.api.client.googleapis.auth.oauth2.GoogleBrowserClientRequestUrl
com.google.api.client.googleapis.auth.oauth2.GoogleBrowserClientRequestUrl: java.lang.String approvalPrompt