android/proguard/usage.txt
at.devfest.app.BuildConfig
at.devfest.app.Manifest
at.devfest.app.Manifest$permission
at.devfest.app.R:
    10:10:public R()
at.devfest.app.R$attr
at.devfest.app.R$bool
at.devfest.app.R$color
at.devfest.app.R$dimen
at.devfest.app.R$drawable
at.devfest.app.R$id
at.devfest.app.R$integer
at.devfest.app.R$layout
at.devfest.app.R$menu
at.devfest.app.R$plurals
at.devfest.app.R$raw
at.devfest.app.R$string
at.devfest.app.R$style
at.devfest.app.R$styleable:
    1612:1612:public R$styleable()
at.devfest.app.R$xml
at.devfest.app.appwidget.MyScheduleWidgetProvider:
    public static final java.lang.String CLICK_ACTION
    public static final java.lang.String REFRESH_ACTION
    public static final java.lang.String EXTRA_PERFORM_SYNC
at.devfest.app.calendar.SessionAlarmService:
    public static final java.lang.String ACTION_NOTIFY_SESSION
    public static final java.lang.String ACTION_SCHEDULE_STARRED_BLOCK
    public static final java.lang.String ACTION_SCHEDULE_ALL_STARRED_BLOCKS
    public static final java.lang.String EXTRA_SESSION_START
    public static final java.lang.String EXTRA_SESSION_END
    public static final java.lang.String EXTRA_SESSION_ALARM_OFFSET
at.devfest.app.calendar.SessionCalendarService:
    public static final java.lang.String ACTION_ADD_SESSION_CALENDAR
    public static final java.lang.String ACTION_REMOVE_SESSION_CALENDAR
    public static final java.lang.String ACTION_UPDATE_ALL_SESSIONS_CALENDAR
    public static final java.lang.String ACTION_UPDATE_ALL_SESSIONS_CALENDAR_COMPLETED
    public static final java.lang.String ACTION_CLEAR_ALL_SESSIONS_CALENDAR
    public static final java.lang.String EXTRA_ACCOUNT_NAME
    public static final java.lang.String EXTRA_SESSION_BLOCK_START
    public static final java.lang.String EXTRA_SESSION_BLOCK_END
    public static final java.lang.String EXTRA_SESSION_TITLE
    public static final java.lang.String EXTRA_SESSION_ROOM
at.devfest.app.sync.ScheduleUpdaterService:
    public static final java.lang.String EXTRA_SESSION_ID
    public static final java.lang.String EXTRA_IN_SCHEDULE
at.devfest.app.ui.MapFragment
at.devfest.app.ui.SessionDetailFragment
at.devfest.app.ui.SessionsFragment
at.devfest.app.ui.SocialStreamFragment:
    public static final java.lang.String EXTRA_QUERY
    private static final java.lang.String STATE_POSITION
    private static final java.lang.String STATE_TOP
    private static final long MAX_RESULTS_PER_REQUEST
    private static final int STREAM_LOADER_ID
at.devfest.app.ui.TrackInfoHelperFragment
at.devfest.app.ui.VendorDetailFragment
at.devfest.app.ui.VendorsFragment
...
org.codehaus.jackson.annotate.JsonSetter
org.codehaus.jackson.annotate.JsonSubTypes
org.codehaus.jackson.annotate.JsonSubTypes$Type
org.codehaus.jackson.annotate.JsonTypeInfo
org.codehaus.jackson.annotate.JsonTypeInfo$As
org.codehaus.jackson.annotate.JsonTypeInfo$Id
org.codehaus.jackson.annotate.JsonTypeInfo$None
org.codehaus.jackson.annotate.JsonTypeName
org.codehaus.jackson.annotate.JsonUnwrapped
org.codehaus.jackson.annotate.JsonValue
org.codehaus.jackson.annotate.JsonWriteNullProperties
org.codehaus.jackson.format.DataFormatDetector
org.codehaus.jackson.format.DataFormatMatcher
org.codehaus.jackson.format.InputAccessor
org.codehaus.jackson.format.InputAccessor$Std
org.codehaus.jackson.format.MatchStrength
org.codehaus.jackson.impl.ByteSourceBootstrapper:
    static final byte UTF8_BOM_1
    static final byte UTF8_BOM_2
    static final byte UTF8_BOM_3
    95:104:public ByteSourceBootstrapper(org.codehaus.jackson.io.IOContext,byte[],int,int)
    260:341:public static org.codehaus.jackson.format.MatchStrength hasJSONFormat(org.codehaus.jackson.format.InputAccessor)
    347:355:private static final org.codehaus.jackson.format.MatchStrength tryMatch(org.codehaus.jackson.format.InputAccessor,java.lang.String,org.codehaus.jackson.format.MatchStrength)
    360:363:private static final int skipSpace(org.codehaus.jackson.format.InputAccessor)
    369:378:private static final int skipSpace(org.codehaus.jackson.format.InputAccessor,byte)
org.codehaus.jackson.impl.DefaultPrettyPrinter
org.codehaus.jackson.impl.JsonGeneratorBase:
    80:80:public org.codehaus.jackson.Version version()
    91:97:public org.codehaus.jackson.JsonGenerator enable(org.codehaus.jackson.JsonGenerator$Feature)
    102:108:public org.codehaus.jackson.JsonGenerator disable(org.codehaus.jackson.JsonGenerator$Feature)
    125:126:public org.codehaus.jackson.JsonGenerator setCodec(org.codehaus.jackson.ObjectCodec)
    130:130:public final org.codehaus.jackson.ObjectCodec getCodec()
    253:255:public void writeRawValue(java.lang.String)
    261:263:public void writeRawValue(java.lang.String,int,int)
    269:271:public void writeRawValue(char[],int,int)
    304:319:public void writeObject(java.lang.Object)
    326:334:public void writeTree(org.codehaus.jackson.JsonNode)
    public abstract void flush()
    352:352:public boolean isClosed()
    364:431:public final void copyCurrentEvent(org.codehaus.jackson.JsonParser)
    437:464:public final void copyCurrentStructure(org.codehaus.jackson.JsonParser)
    protected abstract void _releaseBuffers()
    502:556:protected void _writeSimpleObject(java.lang.Object)
    561:561:protected final void _throwInternal()
    568:568:protected void _reportUnsupportedOperation()
    19:19:public bridge synthetic org.codehaus.jackson.JsonStreamContext getOutputContext()
org.codehaus.jackson.impl.JsonGeneratorBase$1
org.codehaus.jackson.impl.JsonNumericParserBase